2026-04-05T09:31:45.872Z | POST /aegis/stream | IP: ::1 | UA: Mozilla/5.0 (Windows NT 10.0; Win64; x64) AppleWebKit/537.36 (KHTML, like Gecko)
2026-04-05T09:32:03.613Z | POST /aegis/runs | IP: ::1 | UA: Mozilla/5.0 (Windows NT 10.0; Win64; x64) AppleWebKit/537.36 (KHTML, like Gecko)
2026-04-05T09:32:03.621Z | POST /aegis/runs | IP: ::1 | UA: Mozilla/5.0 (Windows NT 10.0; Win64; x64) AppleWebKit/537.36 (KHTML, like Gecko)
2026-04-05T09:32:28.915Z | POST /aegis/fhir | IP: ::1 | UA: Mozilla/5.0 (Windows NT 10.0; Win64; x64) AppleWebKit/537.36 (KHTML, like Gecko)
2026-04-05T10:55:24.219Z | POST /aegis/stream | IP: ::1 | UA: Mozilla/5.0 (Windows NT 10.0; Win64; x64) AppleWebKit/537.36 (KHTML, like Gecko)
2026-04-05T10:55:40.118Z | POST /aegis/runs | IP: ::1 | UA: Mozilla/5.0 (Windows NT 10.0; Win64; x64) AppleWebKit/537.36 (KHTML, like Gecko)
2026-04-05T10:55:40.135Z | POST /aegis/runs | IP: ::1 | UA: Mozilla/5.0 (Windows NT 10.0; Win64; x64) AppleWebKit/537.36 (KHTML, like Gecko)
2026-04-05T11:06:44.247Z | POST /aegis/stream | IP: ::1 | UA: Mozilla/5.0 (Windows NT 10.0; Win64; x64) AppleWebKit/537.36 (KHTML, like Gecko)
2026-04-05T11:07:01.557Z | POST /aegis/runs | IP: ::1 | UA: Mozilla/5.0 (Windows NT 10.0; Win64; x64) AppleWebKit/537.36 (KHTML, like Gecko)
2026-04-05T11:07:01.569Z | POST /aegis/runs | IP: ::1 | UA: Mozilla/5.0 (Windows NT 10.0; Win64; x64) AppleWebKit/537.36 (KHTML, like Gecko)
2026-04-05T11:43:27.926Z | POST /aegis/stream | IP: ::1 | UA: Mozilla/5.0 (Windows NT 10.0; Win64; x64) AppleWebKit/537.36 (KHTML, like Gecko)
2026-04-05T11:43:47.757Z | POST /aegis/runs | IP: ::1 | UA: Mozilla/5.0 (Windows NT 10.0; Win64; x64) AppleWebKit/537.36 (KHTML, like Gecko)
2026-04-05T11:43:47.772Z | POST /aegis/runs | IP: ::1 | UA: Mozilla/5.0 (Windows NT 10.0; Win64; x64) AppleWebKit/537.36 (KHTML, like Gecko)
2026-04-05T12:49:19.942Z | POST /aegis/stream | IP: ::1 | UA: Mozilla/5.0 (Windows NT 10.0; Win64; x64) AppleWebKit/537.36 (KHTML, like Gecko)
2026-04-05T12:49:38.509Z | POST /aegis/runs | IP: ::1 | UA: Mozilla/5.0 (Windows NT 10.0; Win64; x64) AppleWebKit/537.36 (KHTML, like Gecko)
2026-04-05T12:49:38.626Z | POST /aegis/runs | IP: ::1 | UA: Mozilla/5.0 (Windows NT 10.0; Win64; x64) AppleWebKit/537.36 (KHTML, like Gecko)
2026-04-05T13:26:02.204Z | POST /aegis/stream | IP: ::1 | UA: Mozilla/5.0 (Windows NT 10.0; Win64; x64) AppleWebKit/537.36 (KHTML, like Gecko)
2026-04-05T13:26:20.900Z | POST /aegis/runs | IP: ::1 | UA: Mozilla/5.0 (Windows NT 10.0; Win64; x64) AppleWebKit/537.36 (KHTML, like Gecko)
2026-04-05T13:26:20.909Z | POST /aegis/runs | IP: ::1 | UA: Mozilla/5.0 (Windows NT 10.0; Win64; x64) AppleWebKit/537.36 (KHTML, like Gecko)
2026-04-05T13:27:45.082Z | POST /aegis/fhir | IP: ::1 | UA: Mozilla/5.0 (Windows NT 10.0; Win64; x64) AppleWebKit/537.36 (KHTML, like Gecko)
2026-04-08T14:25:02.792Z | POST /aegis/stream | IP: ::1 | UA: Mozilla/5.0 (Windows NT 10.0; Win64; x64) AppleWebKit/537.36 (KHTML, like Gecko)
2026-04-08T14:25:23.040Z | POST /aegis/runs | IP: ::1 | UA: Mozilla/5.0 (Windows NT 10.0; Win64; x64) AppleWebKit/537.36 (KHTML, like Gecko)
2026-04-08T14:25:23.047Z | POST /aegis/runs | IP: ::1 | UA: Mozilla/5.0 (Windows NT 10.0; Win64; x64) AppleWebKit/537.36 (KHTML, like Gecko)
2026-04-12T14:12:01.340Z | POST /aegis/stream | IP: ::1 | UA: Mozilla/5.0 (Windows NT 10.0; Win64; x64) AppleWebKit/537.36 (KHTML, like Gecko)
2026-04-12T14:12:26.261Z | POST /aegis/runs | IP: ::1 | UA: Mozilla/5.0 (Windows NT 10.0; Win64; x64) AppleWebKit/537.36 (KHTML, like Gecko)
2026-04-12T14:12:26.407Z | POST /aegis/runs | IP: ::1 | UA: Mozilla/5.0 (Windows NT 10.0; Win64; x64) AppleWebKit/537.36 (KHTML, like Gecko)
2026-04-12T14:15:09.364Z | POST /aegis/stream | IP: ::1 | UA: Mozilla/5.0 (Windows NT 10.0; Win64; x64) AppleWebKit/537.36 (KHTML, like Gecko)
2026-04-12T14:15:29.402Z | POST /aegis/runs | IP: ::1 | UA: Mozilla/5.0 (Windows NT 10.0; Win64; x64) AppleWebKit/537.36 (KHTML, like Gecko)
2026-04-12T14:15:29.518Z | POST /aegis/runs | IP: ::1 | UA: Mozilla/5.0 (Windows NT 10.0; Win64; x64) AppleWebKit/537.36 (KHTML, like Gecko)
2026-04-12T14:35:30.593Z | POST /aegis/stream | IP: ::1 | UA: Mozilla/5.0 (Windows NT 10.0; Win64; x64) AppleWebKit/537.36 (KHTML, like Gecko)
2026-04-12T14:35:51.662Z | POST /aegis/runs | IP: ::1 | UA: Mozilla/5.0 (Windows NT 10.0; Win64; x64) AppleWebKit/537.36 (KHTML, like Gecko)
2026-04-12T14:35:51.799Z | POST /aegis/runs | IP: ::1 | UA: Mozilla/5.0 (Windows NT 10.0; Win64; x64) AppleWebKit/537.36 (KHTML, like Gecko)
2026-04-12T15:29:06.641Z | POST /aegis/stream | IP: ::1 | UA: Mozilla/5.0 (Windows NT 10.0; Win64; x64) AppleWebKit/537.36 (KHTML, like Gecko)
2026-04-12T15:29:27.445Z | POST /aegis/runs | IP: ::1 | UA: Mozilla/5.0 (Windows NT 10.0; Win64; x64) AppleWebKit/537.36 (KHTML, like Gecko)
2026-04-12T15:29:27.510Z | POST /aegis/runs | IP: ::1 | UA: Mozilla/5.0 (Windows NT 10.0; Win64; x64) AppleWebKit/537.36 (KHTML, like Gecko)
2026-04-12T15:30:14.193Z | POST /aegis/stream | IP: ::1 | UA: Mozilla/5.0 (Windows NT 10.0; Win64; x64) AppleWebKit/537.36 (KHTML, like Gecko)
2026-04-12T15:30:32.224Z | POST /aegis/runs | IP: ::1 | UA: Mozilla/5.0 (Windows NT 10.0; Win64; x64) AppleWebKit/537.36 (KHTML, like Gecko)
2026-04-12T15:30:32.288Z | POST /aegis/runs | IP: ::1 | UA: Mozilla/5.0 (Windows NT 10.0; Win64; x64) AppleWebKit/537.36 (KHTML, like Gecko)
2026-04-12T15:41:00.061Z | POST /aegis/stream | IP: ::1 | UA: Mozilla/5.0 (Windows NT 10.0; Win64; x64) AppleWebKit/537.36 (KHTML, like Gecko)
2026-04-12T15:41:18.014Z | POST /aegis/runs | IP: ::1 | UA: Mozilla/5.0 (Windows NT 10.0; Win64; x64) AppleWebKit/537.36 (KHTML, like Gecko)
2026-04-12T15:41:18.030Z | POST /aegis/runs | IP: ::1 | UA: Mozilla/5.0 (Windows NT 10.0; Win64; x64) AppleWebKit/537.36 (KHTML, like Gecko)
2026-04-12T15:46:21.889Z | POST /aegis/stream | IP: ::1 | UA: Mozilla/5.0 (Windows NT 10.0; Win64; x64) AppleWebKit/537.36 (KHTML, like Gecko)
2026-04-12T15:46:51.344Z | POST /aegis/runs | IP: ::1 | UA: Mozilla/5.0 (Windows NT 10.0; Win64; x64) AppleWebKit/537.36 (KHTML, like Gecko)
2026-04-12T15:46:51.428Z | POST /aegis/runs | IP: ::1 | UA: Mozilla/5.0 (Windows NT 10.0; Win64; x64) AppleWebKit/537.36 (KHTML, like Gecko)
2026-04-12T16:10:17.572Z | POST /aegis/what-if | IP: ::1 | UA: Mozilla/5.0 (Windows NT; Windows NT 10.0; en-IN) WindowsPowerShell/5.1.26100.811
2026-04-12T16:10:27.363Z | POST /aegis/what-if | IP: ::1 | UA: Mozilla/5.0 (Windows NT; Windows NT 10.0; en-IN) WindowsPowerShell/5.1.26100.811
2026-04-12T16:29:00.878Z | POST /aegis/stream | IP: ::1 | UA: Mozilla/5.0 (Windows NT 10.0; Win64; x64) AppleWebKit/537.36 (KHTML, like Gecko)
2026-04-12T16:29:19.303Z | POST /aegis/runs | IP: ::1 | UA: Mozilla/5.0 (Windows NT 10.0; Win64; x64) AppleWebKit/537.36 (KHTML, like Gecko)
2026-04-12T16:29:19.421Z | POST /aegis/runs | IP: ::1 | UA: Mozilla/5.0 (Windows NT 10.0; Win64; x64) AppleWebKit/537.36 (KHTML, like Gecko)
2026-04-12T16:30:06.639Z | POST /aegis/stream | IP: ::1 | UA: Mozilla/5.0 (Windows NT 10.0; Win64; x64) AppleWebKit/537.36 (KHTML, like Gecko)
2026-04-12T16:30:24.785Z | POST /aegis/runs | IP: ::1 | UA: Mozilla/5.0 (Windows NT 10.0; Win64; x64) AppleWebKit/537.36 (KHTML, like Gecko)
2026-04-12T16:30:24.791Z | POST /aegis/runs | IP: ::1 | UA: Mozilla/5.0 (Windows NT 10.0; Win64; x64) AppleWebKit/537.36 (KHTML, like Gecko)
2026-04-12T16:30:24.949Z | POST /aegis/what-if | IP: ::1 | UA: Mozilla/5.0 (Windows NT 10.0; Win64; x64) AppleWebKit/537.36 (KHTML, like Gecko)
2026-04-12T16:31:20.335Z | POST /aegis/what-if | IP: ::1 | UA: Mozilla/5.0 (Windows NT 10.0; Win64; x64) AppleWebKit/537.36 (KHTML, like Gecko)
2026-04-12T16:31:24.678Z | POST /aegis/what-if | IP: ::1 | UA: Mozilla/5.0 (Windows NT 10.0; Win64; x64) AppleWebKit/537.36 (KHTML, like Gecko)
2026-04-12T16:31:27.323Z | POST /aegis/what-if | IP: ::1 | UA: Mozilla/5.0 (Windows NT 10.0; Win64; x64) AppleWebKit/537.36 (KHTML, like Gecko)
2026-04-12T16:31:28.712Z | POST /aegis/what-if | IP: ::1 | UA: Mozilla/5.0 (Windows NT 10.0; Win64; x64) AppleWebKit/537.36 (KHTML, like Gecko)
2026-04-12T16:31:30.194Z | POST /aegis/what-if | IP: ::1 | UA: Mozilla/5.0 (Windows NT 10.0; Win64; x64) AppleWebKit/537.36 (KHTML, like Gecko)
2026-04-12T16:31:32.551Z | POST /aegis/what-if | IP: ::1 | UA: Mozilla/5.0 (Windows NT 10.0; Win64; x64) AppleWebKit/537.36 (KHTML, like Gecko)
2026-04-12T16:31:37.949Z | POST /aegis/what-if | IP: ::1 | UA: Mozilla/5.0 (Windows NT 10.0; Win64; x64) AppleWebKit/537.36 (KHTML, like Gecko)
2026-04-12T16:31:45.632Z | POST /aegis/what-if | IP: ::1 | UA: Mozilla/5.0 (Windows NT 10.0; Win64; x64) AppleWebKit/537.36 (KHTML, like Gecko)
2026-04-12T18:09:19.300Z | POST /aegis/what-if | IP: ::1 | UA: Mozilla/5.0 (Windows NT; Windows NT 10.0; en-IN) WindowsPowerShell/5.1.26100.811
2026-04-14T08:04:48.137Z | POST /aegis/stream | IP: ::1 | UA: Mozilla/5.0 (Windows NT 10.0; Win64; x64) AppleWebKit/537.36 (KHTML, like Gecko)
2026-04-14T08:05:10.846Z | POST /aegis/runs | IP: ::1 | UA: Mozilla/5.0 (Windows NT 10.0; Win64; x64) AppleWebKit/537.36 (KHTML, like Gecko)
2026-04-14T08:05:10.894Z | POST /aegis/runs | IP: ::1 | UA: Mozilla/5.0 (Windows NT 10.0; Win64; x64) AppleWebKit/537.36 (KHTML, like Gecko)
2026-04-14T08:05:11.453Z | POST /aegis/what-if | IP: ::1 | UA: Mozilla/5.0 (Windows NT 10.0; Win64; x64) AppleWebKit/537.36 (KHTML, like Gecko)
2026-04-14T08:06:25.747Z | POST /aegis/what-if | IP: ::1 | UA: Mozilla/5.0 (Windows NT 10.0; Win64; x64) AppleWebKit/537.36 (KHTML, like Gecko)
2026-04-14T08:08:22.621Z | POST /aegis/fhir | IP: ::1 | UA: Mozilla/5.0 (Windows NT 10.0; Win64; x64) AppleWebKit/537.36 (KHTML, like Gecko)
2026-04-14T08:08:58.030Z | POST /aegis/fhir | IP: ::1 | UA: Mozilla/5.0 (Windows NT 10.0; Win64; x64) AppleWebKit/537.36 (KHTML, like Gecko)
2026-04-19T08:35:41.625Z | POST /aegis/stream | IP: ::1 | UA: Mozilla/5.0 (Windows NT 10.0; Win64; x64) AppleWebKit/537.36 (KHTML, like Gecko)
2026-04-19T08:36:00.145Z | POST /aegis/runs | IP: ::1 | UA: Mozilla/5.0 (Windows NT 10.0; Win64; x64) AppleWebKit/537.36 (KHTML, like Gecko)
2026-04-19T08:36:00.222Z | POST /aegis/runs | IP: ::1 | UA: Mozilla/5.0 (Windows NT 10.0; Win64; x64) AppleWebKit/537.36 (KHTML, like Gecko)
2026-04-19T08:36:00.364Z | POST /aegis/what-if | IP: ::1 | UA: Mozilla/5.0 (Windows NT 10.0; Win64; x64) AppleWebKit/537.36 (KHTML, like Gecko)
2026-04-19T08:36:49.026Z | POST /aegis/what-if | IP: ::1 | UA: Mozilla/5.0 (Windows NT 10.0; Win64; x64) AppleWebKit/537.36 (KHTML, like Gecko)
2026-04-19T08:36:50.739Z | POST /aegis/what-if | IP: ::1 | UA: Mozilla/5.0 (Windows NT 10.0; Win64; x64) AppleWebKit/537.36 (KHTML, like Gecko)
2026-04-19T08:36:52.212Z | POST /aegis/what-if | IP: ::1 | UA: Mozilla/5.0 (Windows NT 10.0; Win64; x64) AppleWebKit/537.36 (KHTML, like Gecko)
2026-04-19T08:36:55.536Z | POST /aegis/what-if | IP: ::1 | UA: Mozilla/5.0 (Windows NT 10.0; Win64; x64) AppleWebKit/537.36 (KHTML, like Gecko)
2026-04-19T08:37:06.800Z | POST /aegis/stream | IP: ::1 | UA: Mozilla/5.0 (Windows NT 10.0; Win64; x64) AppleWebKit/537.36 (KHTML, like Gecko)
2026-04-19T08:37:28.017Z | POST /aegis/runs | IP: ::1 | UA: Mozilla/5.0 (Windows NT 10.0; Win64; x64) AppleWebKit/537.36 (KHTML, like Gecko)
2026-04-19T08:37:28.026Z | POST /aegis/runs | IP: ::1 | UA: Mozilla/5.0 (Windows NT 10.0; Win64; x64) AppleWebKit/537.36 (KHTML, like Gecko)
2026-04-19T08:37:28.137Z | POST /aegis/what-if | IP: ::1 | UA: Mozilla/5.0 (Windows NT 10.0; Win64; x64) AppleWebKit/537.36 (KHTML, like Gecko)
2026-04-19T08:37:34.005Z | POST /aegis/what-if | IP: ::1 | UA: Mozilla/5.0 (Windows NT 10.0; Win64; x64) AppleWebKit/537.36 (KHTML, like Gecko)
2026-04-19T08:37:35.096Z | POST /aegis/what-if | IP: ::1 | UA: Mozilla/5.0 (Windows NT 10.0; Win64; x64) AppleWebKit/537.36 (KHTML, like Gecko)
2026-04-19T08:37:35.908Z | POST /aegis/what-if | IP: ::1 | UA: Mozilla/5.0 (Windows NT 10.0; Win64; x64) AppleWebKit/537.36 (KHTML, like Gecko)
2026-04-19T08:37:36.540Z | POST /aegis/what-if | IP: ::1 | UA: Mozilla/5.0 (Windows NT 10.0; Win64; x64) AppleWebKit/537.36 (KHTML, like Gecko)
2026-04-19T08:37:37.164Z | POST /aegis/what-if | IP: ::1 | UA: Mozilla/5.0 (Windows NT 10.0; Win64; x64) AppleWebKit/537.36 (KHTML, like Gecko)
2026-04-19T08:37:37.917Z | POST /aegis/what-if | IP: ::1 | UA: Mozilla/5.0 (Windows NT 10.0; Win64; x64) AppleWebKit/537.36 (KHTML, like Gecko)
2026-04-19T08:37:38.576Z | POST /aegis/what-if | IP: ::1 | UA: Mozilla/5.0 (Windows NT 10.0; Win64; x64) AppleWebKit/537.36 (KHTML, like Gecko)
2026-04-19T08:37:39.108Z | POST /aegis/what-if | IP: ::1 | UA: Mozilla/5.0 (Windows NT 10.0; Win64; x64) AppleWebKit/537.36 (KHTML, like Gecko)
2026-04-19T08:37:39.757Z | POST /aegis/what-if | IP: ::1 | UA: Mozilla/5.0 (Windows NT 10.0; Win64; x64) AppleWebKit/537.36 (KHTML, like Gecko)
2026-04-19T08:37:40.685Z | POST /aegis/what-if | IP: ::1 | UA: Mozilla/5.0 (Windows NT 10.0; Win64; x64) AppleWebKit/537.36 (KHTML, like Gecko)
2026-04-19T08:38:24.707Z | POST /aegis/what-if | IP: ::1 | UA: Mozilla/5.0 (Windows NT 10.0; Win64; x64) AppleWebKit/537.36 (KHTML, like Gecko)
2026-04-19T08:38:25.530Z | POST /aegis/what-if | IP: ::1 | UA: Mozilla/5.0 (Windows NT 10.0; Win64; x64) AppleWebKit/537.36 (KHTML, like Gecko)
2026-04-19T08:41:27.613Z | POST /aegis/what-if | IP: ::1 | UA: Mozilla/5.0 (Windows NT 10.0; Win64; x64) AppleWebKit/537.36 (KHTML, like Gecko)
2026-04-19T08:41:28.372Z | POST /aegis/what-if | IP: ::1 | UA: Mozilla/5.0 (Windows NT 10.0; Win64; x64) AppleWebKit/537.36 (KHTML, like Gecko)
2026-04-19T08:41:28.835Z | POST /aegis/what-if | IP: ::1 | UA: Mozilla/5.0 (Windows NT 10.0; Win64; x64) AppleWebKit/537.36 (KHTML, like Gecko)
2026-04-19T08:41:29.486Z | POST /aegis/what-if | IP: ::1 | UA: Mozilla/5.0 (Windows NT 10.0; Win64; x64) AppleWebKit/537.36 (KHTML, like Gecko)
2026-04-19T08:41:30.102Z | POST /aegis/what-if | IP: ::1 | UA: Mozilla/5.0 (Windows NT 10.0; Win64; x64) AppleWebKit/537.36 (KHTML, like Gecko)
2026-04-19T08:41:30.931Z | POST /aegis/what-if | IP: ::1 | UA: Mozilla/5.0 (Windows NT 10.0; Win64; x64) AppleWebKit/537.36 (KHTML, like Gecko)
2026-04-19T08:41:31.651Z | POST /aegis/what-if | IP: ::1 | UA: Mozilla/5.0 (Windows NT 10.0; Win64; x64) AppleWebKit/537.36 (KHTML, like Gecko)
2026-04-19T08:41:32.063Z | POST /aegis/what-if | IP: ::1 | UA: Mozilla/5.0 (Windows NT 10.0; Win64; x64) AppleWebKit/537.36 (KHTML, like Gecko)
2026-04-19T08:41:32.597Z | POST /aegis/what-if | IP: ::1 | UA: Mozilla/5.0 (Windows NT 10.0; Win64; x64) AppleWebKit/537.36 (KHTML, like Gecko)
2026-04-19T08:41:33.034Z | POST /aegis/what-if | IP: ::1 | UA: Mozilla/5.0 (Windows NT 10.0; Win64; x64) AppleWebKit/537.36 (KHTML, like Gecko)
2026-04-19T08:41:40.111Z | POST /aegis/stream | IP: ::1 | UA: Mozilla/5.0 (Windows NT 10.0; Win64; x64) AppleWebKit/537.36 (KHTML, like Gecko)
2026-04-19T08:42:01.286Z | POST /aegis/runs | IP: ::1 | UA: Mozilla/5.0 (Windows NT 10.0; Win64; x64) AppleWebKit/537.36 (KHTML, like Gecko)
2026-04-19T08:42:01.301Z | POST /aegis/runs | IP: ::1 | UA: Mozilla/5.0 (Windows NT 10.0; Win64; x64) AppleWebKit/537.36 (KHTML, like Gecko)
2026-04-19T08:42:01.459Z | POST /aegis/what-if | IP: ::1 | UA: Mozilla/5.0 (Windows NT 10.0; Win64; x64) AppleWebKit/537.36 (KHTML, like Gecko)
2026-04-19T08:42:17.005Z | POST /aegis/what-if | IP: ::1 | UA: Mozilla/5.0 (Windows NT 10.0; Win64; x64) AppleWebKit/537.36 (KHTML, like Gecko)
2026-04-19T08:42:19.253Z | POST /aegis/what-if | IP: ::1 | UA: Mozilla/5.0 (Windows NT 10.0; Win64; x64) AppleWebKit/537.36 (KHTML, like Gecko)
2026-04-19T08:42:21.458Z | POST /aegis/what-if | IP: ::1 | UA: Mozilla/5.0 (Windows NT 10.0; Win64; x64) AppleWebKit/537.36 (KHTML, like Gecko)
2026-04-19T08:42:23.007Z | POST /aegis/what-if | IP: ::1 | UA: Mozilla/5.0 (Windows NT 10.0; Win64; x64) AppleWebKit/537.36 (KHTML, like Gecko)
2026-04-19T08:42:24.807Z | POST /aegis/what-if | IP: ::1 | UA: Mozilla/5.0 (Windows NT 10.0; Win64; x64) AppleWebKit/537.36 (KHTML, like Gecko)
2026-04-19T08:42:26.398Z | POST /aegis/what-if | IP: ::1 | UA: Mozilla/5.0 (Windows NT 10.0; Win64; x64) AppleWebKit/537.36 (KHTML, like Gecko)
2026-04-19T08:42:28.564Z | POST /aegis/what-if | IP: ::1 | UA: Mozilla/5.0 (Windows NT 10.0; Win64; x64) AppleWebKit/537.36 (KHTML, like Gecko)
2026-04-19T08:42:29.413Z | POST /aegis/what-if | IP: ::1 | UA: Mozilla/5.0 (Windows NT 10.0; Win64; x64) AppleWebKit/537.36 (KHTML, like Gecko)
2026-04-19T08:42:30.166Z | POST /aegis/what-if | IP: ::1 | UA: Mozilla/5.0 (Windows NT 10.0; Win64; x64) AppleWebKit/537.36 (KHTML, like Gecko)
2026-04-19T08:42:30.576Z | POST /aegis/what-if | IP: ::1 | UA: Mozilla/5.0 (Windows NT 10.0; Win64; x64) AppleWebKit/537.36 (KHTML, like Gecko)
2026-04-19T08:43:08.169Z | POST /aegis/fhir | IP: ::1 | UA: Mozilla/5.0 (Windows NT 10.0; Win64; x64) AppleWebKit/537.36 (KHTML, like Gecko)
2026-04-19T08:57:57.139Z | POST /aegis/stream | IP: ::1 | UA: Mozilla/5.0 (Windows NT 10.0; Win64; x64) AppleWebKit/537.36 (KHTML, like Gecko)
2026-04-19T08:58:20.031Z | POST /aegis/runs | IP: ::1 | UA: Mozilla/5.0 (Windows NT 10.0; Win64; x64) AppleWebKit/537.36 (KHTML, like Gecko)
2026-04-19T08:58:20.051Z | POST /aegis/runs | IP: ::1 | UA: Mozilla/5.0 (Windows NT 10.0; Win64; x64) AppleWebKit/537.36 (KHTML, like Gecko)
2026-04-19T08:58:20.220Z | POST /aegis/what-if | IP: ::1 | UA: Mozilla/5.0 (Windows NT 10.0; Win64; x64) AppleWebKit/537.36 (KHTML, like Gecko)
2026-04-19T09:04:06.629Z | POST /aegis/what-if | IP: ::1 | UA: Mozilla/5.0 (Windows NT 10.0; Win64; x64) AppleWebKit/537.36 (KHTML, like Gecko)
2026-04-19T09:04:08.143Z | POST /aegis/what-if | IP: ::1 | UA: Mozilla/5.0 (Windows NT 10.0; Win64; x64) AppleWebKit/537.36 (KHTML, like Gecko)
2026-04-19T09:04:08.712Z | POST /aegis/what-if | IP: ::1 | UA: Mozilla/5.0 (Windows NT 10.0; Win64; x64) AppleWebKit/537.36 (KHTML, like Gecko)
2026-04-19T09:04:09.312Z | POST /aegis/what-if | IP: ::1 | UA: Mozilla/5.0 (Windows NT 10.0; Win64; x64) AppleWebKit/537.36 (KHTML, like Gecko)
2026-04-19T09:04:09.837Z | POST /aegis/what-if | IP: ::1 | UA: Mozilla/5.0 (Windows NT 10.0; Win64; x64) AppleWebKit/537.36 (KHTML, like Gecko)
2026-04-19T09:04:11.724Z | POST /aegis/what-if | IP: ::1 | UA: Mozilla/5.0 (Windows NT 10.0; Win64; x64) AppleWebKit/537.36 (KHTML, like Gecko)
2026-04-19T09:04:14.684Z | POST /aegis/what-if | IP: ::1 | UA: Mozilla/5.0 (Windows NT 10.0; Win64; x64) AppleWebKit/537.36 (KHTML, like Gecko)
2026-04-19T09:04:18.252Z | POST /aegis/what-if | IP: ::1 | UA: Mozilla/5.0 (Windows NT 10.0; Win64; x64) AppleWebKit/537.36 (KHTML, like Gecko)
2026-04-19T09:04:22.214Z | POST /aegis/what-if | IP: ::1 | UA: Mozilla/5.0 (Windows NT 10.0; Win64; x64) AppleWebKit/537.36 (KHTML, like Gecko)
2026-04-19T09:06:24.211Z | POST /aegis/stream | IP: ::1 | UA: Mozilla/5.0 (Windows NT 10.0; Win64; x64) AppleWebKit/537.36 (KHTML, like Gecko)
2026-04-19T09:06:45.584Z | POST /aegis/runs | IP: ::1 | UA: Mozilla/5.0 (Windows NT 10.0; Win64; x64) AppleWebKit/537.36 (KHTML, like Gecko)
2026-04-19T09:06:45.589Z | POST /aegis/runs | IP: ::1 | UA: Mozilla/5.0 (Windows NT 10.0; Win64; x64) AppleWebKit/537.36 (KHTML, like Gecko)
2026-04-19T09:06:45.756Z | POST /aegis/what-if | IP: ::1 | UA: Mozilla/5.0 (Windows NT 10.0; Win64; x64) AppleWebKit/537.36 (KHTML, like Gecko)
2026-04-19T09:07:06.072Z | POST /aegis/what-if | IP: ::1 | UA: Mozilla/5.0 (Windows NT 10.0; Win64; x64) AppleWebKit/537.36 (KHTML, like Gecko)
2026-04-19T09:07:06.616Z | POST /aegis/what-if | IP: ::1 | UA: Mozilla/5.0 (Windows NT 10.0; Win64; x64) AppleWebKit/537.36 (KHTML, like Gecko)
2026-04-19T09:07:07.063Z | POST /aegis/what-if | IP: ::1 | UA: Mozilla/5.0 (Windows NT 10.0; Win64; x64) AppleWebKit/537.36 (KHTML, like Gecko)
2026-04-19T09:07:07.613Z | POST /aegis/what-if | IP: ::1 | UA: Mozilla/5.0 (Windows NT 10.0; Win64; x64) AppleWebKit/537.36 (KHTML, like Gecko)
2026-04-19T09:09:11.409Z | POST /aegis/fhir | IP: ::1 | UA: Mozilla/5.0 (Windows NT 10.0; Win64; x64) AppleWebKit/537.36 (KHTML, like Gecko)
2026-04-19T09:12:06.492Z | POST /aegis/stream | IP: ::1 | UA: Mozilla/5.0 (Windows NT 10.0; Win64; x64) AppleWebKit/537.36 (KHTML, like Gecko)
2026-04-19T09:12:22.660Z | POST /aegis/runs | IP: ::1 | UA: Mozilla/5.0 (Windows NT 10.0; Win64; x64) AppleWebKit/537.36 (KHTML, like Gecko)
2026-04-19T09:12:22.664Z | POST /aegis/runs | IP: ::1 | UA: Mozilla/5.0 (Windows NT 10.0; Win64; x64) AppleWebKit/537.36 (KHTML, like Gecko)
2026-04-19T09:12:22.831Z | POST /aegis/what-if | IP: ::1 | UA: Mozilla/5.0 (Windows NT 10.0; Win64; x64) AppleWebKit/537.36 (KHTML, like Gecko)
2026-04-19T09:13:00.876Z | POST /aegis/stream | IP: ::1 | UA: Mozilla/5.0 (Windows NT 10.0; Win64; x64) AppleWebKit/537.36 (KHTML, like Gecko)
2026-04-19T09:13:20.149Z | POST /aegis/runs | IP: ::1 | UA: Mozilla/5.0 (Windows NT 10.0; Win64; x64) AppleWebKit/537.36 (KHTML, like Gecko)
2026-04-19T09:13:20.153Z | POST /aegis/runs | IP: ::1 | UA: Mozilla/5.0 (Windows NT 10.0; Win64; x64) AppleWebKit/537.36 (KHTML, like Gecko)
2026-04-19T09:13:21.221Z | POST /aegis/what-if | IP: ::1 | UA: Mozilla/5.0 (Windows NT 10.0; Win64; x64) AppleWebKit/537.36 (KHTML, like Gecko)
2026-04-19T09:14:18.045Z | POST /aegis/fhir | IP: ::1 | UA: Mozilla/5.0 (Windows NT 10.0; Win64; x64) AppleWebKit/537.36 (KHTML, like Gecko)
2026-04-19T09:14:33.501Z | POST /aegis/what-if | IP: ::1 | UA: Mozilla/5.0 (Windows NT 10.0; Win64; x64) AppleWebKit/537.36 (KHTML, like Gecko)
2026-04-19T09:14:34.492Z | POST /aegis/what-if | IP: ::1 | UA: Mozilla/5.0 (Windows NT 10.0; Win64; x64) AppleWebKit/537.36 (KHTML, like Gecko)
2026-04-19T09:14:35.139Z | POST /aegis/what-if | IP: ::1 | UA: Mozilla/5.0 (Windows NT 10.0; Win64; x64) AppleWebKit/537.36 (KHTML, like Gecko)
2026-04-19T09:14:38.024Z | POST /aegis/what-if | IP: ::1 | UA: Mozilla/5.0 (Windows NT 10.0; Win64; x64) AppleWebKit/537.36 (KHTML, like Gecko)
2026-04-19T09:26:29.734Z | POST /aegis/stream | IP: ::1 | UA: Mozilla/5.0 (Windows NT 10.0; Win64; x64) AppleWebKit/537.36 (KHTML, like Gecko)
2026-04-19T09:26:55.030Z | POST /aegis/runs | IP: ::1 | UA: Mozilla/5.0 (Windows NT 10.0; Win64; x64) AppleWebKit/537.36 (KHTML, like Gecko)
2026-04-19T09:26:55.038Z | POST /aegis/runs | IP: ::1 | UA: Mozilla/5.0 (Windows NT 10.0; Win64; x64) AppleWebKit/537.36 (KHTML, like Gecko)
2026-04-19T09:26:55.184Z | POST /aegis/what-if | IP: ::1 | UA: Mozilla/5.0 (Windows NT 10.0; Win64; x64) AppleWebKit/537.36 (KHTML, like Gecko)
2026-04-19T09:27:16.332Z | POST /aegis/what-if | IP: ::1 | UA: Mozilla/5.0 (Windows NT 10.0; Win64; x64) AppleWebKit/537.36 (KHTML, like Gecko)
2026-04-19T09:27:16.845Z | POST /aegis/what-if | IP: ::1 | UA: Mozilla/5.0 (Windows NT 10.0; Win64; x64) AppleWebKit/537.36 (KHTML, like Gecko)
2026-04-19T09:27:17.456Z | POST /aegis/what-if | IP: ::1 | UA: Mozilla/5.0 (Windows NT 10.0; Win64; x64) AppleWebKit/537.36 (KHTML, like Gecko)
2026-04-19T09:27:18.113Z | POST /aegis/what-if | IP: ::1 | UA: Mozilla/5.0 (Windows NT 10.0; Win64; x64) AppleWebKit/537.36 (KHTML, like Gecko)
2026-04-19T09:27:18.610Z | POST /aegis/what-if | IP: ::1 | UA: Mozilla/5.0 (Windows NT 10.0; Win64; x64) AppleWebKit/537.36 (KHTML, like Gecko)
2026-04-19T09:27:19.147Z | POST /aegis/what-if | IP: ::1 | UA: Mozilla/5.0 (Windows NT 10.0; Win64; x64) AppleWebKit/537.36 (KHTML, like Gecko)
2026-04-19T09:27:19.660Z | POST /aegis/what-if | IP: ::1 | UA: Mozilla/5.0 (Windows NT 10.0; Win64; x64) AppleWebKit/537.36 (KHTML, like Gecko)
2026-04-19T09:27:20.087Z | POST /aegis/what-if | IP: ::1 | UA: Mozilla/5.0 (Windows NT 10.0; Win64; x64) AppleWebKit/537.36 (KHTML, like Gecko)
2026-04-19T09:27:20.662Z | POST /aegis/what-if | IP: ::1 | UA: Mozilla/5.0 (Windows NT 10.0; Win64; x64) AppleWebKit/537.36 (KHTML, like Gecko)
2026-04-19T09:27:21.195Z | POST /aegis/what-if | IP: ::1 | UA: Mozilla/5.0 (Windows NT 10.0; Win64; x64) AppleWebKit/537.36 (KHTML, like Gecko)
2026-04-19T09:27:21.612Z | POST /aegis/what-if | IP: ::1 | UA: Mozilla/5.0 (Windows NT 10.0; Win64; x64) AppleWebKit/537.36 (KHTML, like Gecko)
2026-04-19T09:27:22.129Z | POST /aegis/what-if | IP: ::1 | UA: Mozilla/5.0 (Windows NT 10.0; Win64; x64) AppleWebKit/537.36 (KHTML, like Gecko)
2026-04-19T09:27:22.594Z | POST /aegis/what-if | IP: ::1 | UA: Mozilla/5.0 (Windows NT 10.0; Win64; x64) AppleWebKit/537.36 (KHTML, like Gecko)
2026-04-19T09:27:23.026Z | POST /aegis/what-if | IP: ::1 | UA: Mozilla/5.0 (Windows NT 10.0; Win64; x64) AppleWebKit/537.36 (KHTML, like Gecko)
2026-04-19T09:27:24.991Z | POST /aegis/what-if | IP: ::1 | UA: Mozilla/5.0 (Windows NT 10.0; Win64; x64) AppleWebKit/537.36 (KHTML, like Gecko)
2026-04-19T09:27:26.530Z | POST /aegis/what-if | IP: ::1 | UA: Mozilla/5.0 (Windows NT 10.0; Win64; x64) AppleWebKit/537.36 (KHTML, like Gecko)
2026-04-19T09:27:27.322Z | POST /aegis/what-if | IP: ::1 | UA: Mozilla/5.0 (Windows NT 10.0; Win64; x64) AppleWebKit/537.36 (KHTML, like Gecko)
2026-04-19T09:27:27.871Z | POST /aegis/what-if | IP: ::1 | UA: Mozilla/5.0 (Windows NT 10.0; Win64; x64) AppleWebKit/537.36 (KHTML, like Gecko)
2026-04-20T09:36:42.124Z | POST /aegis/stream | IP: ::1 | UA: Mozilla/5.0 (Windows NT 10.0; Win64; x64) AppleWebKit/537.36 (KHTML, like Gecko)
2026-04-20T09:47:36.362Z | POST /aegis/stream | IP: ::1 | UA: Mozilla/5.0 (Windows NT 10.0; Win64; x64) AppleWebKit/537.36 (KHTML, like Gecko)
2026-04-20T09:47:59.916Z | POST /aegis/runs | IP: ::1 | UA: Mozilla/5.0 (Windows NT 10.0; Win64; x64) AppleWebKit/537.36 (KHTML, like Gecko)
2026-04-20T09:47:59.929Z | POST /aegis/runs | IP: ::1 | UA: Mozilla/5.0 (Windows NT 10.0; Win64; x64) AppleWebKit/537.36 (KHTML, like Gecko)
2026-04-20T09:48:00.083Z | POST /aegis/what-if | IP: ::1 | UA: Mozilla/5.0 (Windows NT 10.0; Win64; x64) AppleWebKit/537.36 (KHTML, like Gecko)
2026-04-20T09:48:22.123Z | POST /aegis/what-if | IP: ::1 | UA: Mozilla/5.0 (Windows NT 10.0; Win64; x64) AppleWebKit/537.36 (KHTML, like Gecko)
2026-04-20T09:48:22.523Z | POST /aegis/what-if | IP: ::1 | UA: Mozilla/5.0 (Windows NT 10.0; Win64; x64) AppleWebKit/537.36 (KHTML, like Gecko)
2026-04-20T09:48:23.192Z | POST /aegis/what-if | IP: ::1 | UA: Mozilla/5.0 (Windows NT 10.0; Win64; x64) AppleWebKit/537.36 (KHTML, like Gecko)
2026-04-20T09:48:23.567Z | POST /aegis/what-if | IP: ::1 | UA: Mozilla/5.0 (Windows NT 10.0; Win64; x64) AppleWebKit/537.36 (KHTML, like Gecko)
2026-04-20T09:48:24.247Z | POST /aegis/what-if | IP: ::1 | UA: Mozilla/5.0 (Windows NT 10.0; Win64; x64) AppleWebKit/537.36 (KHTML, like Gecko)
2026-04-20T09:48:24.689Z | POST /aegis/what-if | IP: ::1 | UA: Mozilla/5.0 (Windows NT 10.0; Win64; x64) AppleWebKit/537.36 (KHTML, like Gecko)
2026-04-20T09:48:25.277Z | POST /aegis/what-if | IP: ::1 | UA: Mozilla/5.0 (Windows NT 10.0; Win64; x64) AppleWebKit/537.36 (KHTML, like Gecko)
2026-04-20T09:48:25.751Z | POST /aegis/what-if | IP: ::1 | UA: Mozilla/5.0 (Windows NT 10.0; Win64; x64) AppleWebKit/537.36 (KHTML, like Gecko)
2026-04-20T09:48:26.227Z | POST /aegis/what-if | IP: ::1 | UA: Mozilla/5.0 (Windows NT 10.0; Win64; x64) AppleWebKit/537.36 (KHTML, like Gecko)
2026-04-20T09:48:26.650Z | POST /aegis/what-if | IP: ::1 | UA: Mozilla/5.0 (Windows NT 10.0; Win64; x64) AppleWebKit/537.36 (KHTML, like Gecko)
2026-04-20T09:48:27.249Z | POST /aegis/what-if | IP: ::1 | UA: Mozilla/5.0 (Windows NT 10.0; Win64; x64) AppleWebKit/537.36 (KHTML, like Gecko)
2026-04-20T09:48:27.707Z | POST /aegis/what-if | IP: ::1 | UA: Mozilla/5.0 (Windows NT 10.0; Win64; x64) AppleWebKit/537.36 (KHTML, like Gecko)
2026-04-20T11:37:59.140Z | POST /aegis/stream | IP: ::1 | UA: Mozilla/5.0 (Windows NT 10.0; Win64; x64) AppleWebKit/537.36 (KHTML, like Gecko)
2026-04-20T11:39:22.372Z | POST /aegis/stream | IP: ::1 | UA: Mozilla/5.0 (Windows NT 10.0; Win64; x64) AppleWebKit/537.36 (KHTML, like Gecko)
2026-04-20T11:44:40.965Z | POST /aegis/stream | IP: ::1 | UA: Mozilla/5.0 (Windows NT 10.0; Win64; x64) AppleWebKit/537.36 (KHTML, like Gecko)
2026-04-20T11:49:34.521Z | POST /aegis/stream | IP: ::1 | UA: Mozilla/5.0 (Windows NT 10.0; Win64; x64) AppleWebKit/537.36 (KHTML, like Gecko)
2026-04-20T11:58:16.683Z | POST /aegis/stream | IP: ::1 | UA: Mozilla/5.0 (Windows NT 10.0; Win64; x64) AppleWebKit/537.36 (KHTML, like Gecko)
2026-04-20T11:59:22.140Z | POST /aegis/runs | IP: ::1 | UA: Mozilla/5.0 (Windows NT 10.0; Win64; x64) AppleWebKit/537.36 (KHTML, like Gecko)
2026-04-20T11:59:23.635Z | POST /aegis/runs | IP: ::1 | UA: Mozilla/5.0 (Windows NT 10.0; Win64; x64) AppleWebKit/537.36 (KHTML, like Gecko)
2026-04-20T11:59:23.731Z | POST /aegis/what-if | IP: ::1 | UA: Mozilla/5.0 (Windows NT 10.0; Win64; x64) AppleWebKit/537.36 (KHTML, like Gecko)
2026-04-20T12:06:54.811Z | POST /aegis/stream | IP: ::1 | UA: Mozilla/5.0 (Windows NT 10.0; Win64; x64) AppleWebKit/537.36 (KHTML, like Gecko)
2026-04-20T12:10:31.382Z | POST /aegis/stream | IP: ::1 | UA: Mozilla/5.0 (Windows NT 10.0; Win64; x64) AppleWebKit/537.36 (KHTML, like Gecko)
2026-04-20T12:10:47.866Z | POST /aegis/stream | IP: ::1 | UA: Mozilla/5.0 (Windows NT 10.0; Win64; x64) AppleWebKit/537.36 (KHTML, like Gecko)
2026-04-20T12:11:36.032Z | POST /aegis/runs | IP: ::1 | UA: Mozilla/5.0 (Windows NT 10.0; Win64; x64) AppleWebKit/537.36 (KHTML, like Gecko)
2026-04-20T12:11:36.596Z | POST /aegis/runs | IP: ::1 | UA: Mozilla/5.0 (Windows NT 10.0; Win64; x64) AppleWebKit/537.36 (KHTML, like Gecko)
2026-04-20T12:11:36.604Z | POST /aegis/what-if | IP: ::1 | UA: Mozilla/5.0 (Windows NT 10.0; Win64; x64) AppleWebKit/537.36 (KHTML, like Gecko)
2026-04-20T12:12:21.582Z | POST /aegis/what-if | IP: ::1 | UA: Mozilla/5.0 (Windows NT 10.0; Win64; x64) AppleWebKit/537.36 (KHTML, like Gecko)
2026-04-20T12:12:22.315Z | POST /aegis/what-if | IP: ::1 | UA: Mozilla/5.0 (Windows NT 10.0; Win64; x64) AppleWebKit/537.36 (KHTML, like Gecko)
2026-04-20T12:12:26.012Z | POST /aegis/what-if | IP: ::1 | UA: Mozilla/5.0 (Windows NT 10.0; Win64; x64) AppleWebKit/537.36 (KHTML, like Gecko)
2026-04-20T12:12:26.246Z | POST /aegis/what-if | IP: ::1 | UA: Mozilla/5.0 (Windows NT 10.0; Win64; x64) AppleWebKit/537.36 (KHTML, like Gecko)
2026-04-20T12:12:27.195Z | POST /aegis/what-if | IP: ::1 | UA: Mozilla/5.0 (Windows NT 10.0; Win64; x64) AppleWebKit/537.36 (KHTML, like Gecko)
2026-04-20T12:12:28.032Z | POST /aegis/what-if | IP: ::1 | UA: Mozilla/5.0 (Windows NT 10.0; Win64; x64) AppleWebKit/537.36 (KHTML, like Gecko)
2026-04-20T12:12:28.620Z | POST /aegis/what-if | IP: ::1 | UA: Mozilla/5.0 (Windows NT 10.0; Win64; x64) AppleWebKit/537.36 (KHTML, like Gecko)
2026-04-20T12:12:29.498Z | POST /aegis/what-if | IP: ::1 | UA: Mozilla/5.0 (Windows NT 10.0; Win64; x64) AppleWebKit/537.36 (KHTML, like Gecko)
2026-04-20T12:12:30.117Z | POST /aegis/what-if | IP: ::1 | UA: Mozilla/5.0 (Windows NT 10.0; Win64; x64) AppleWebKit/537.36 (KHTML, like Gecko)
2026-04-20T12:12:30.860Z | POST /aegis/what-if | IP: ::1 | UA: Mozilla/5.0 (Windows NT 10.0; Win64; x64) AppleWebKit/537.36 (KHTML, like Gecko)
2026-04-20T12:12:31.592Z | POST /aegis/what-if | IP: ::1 | UA: Mozilla/5.0 (Windows NT 10.0; Win64; x64) AppleWebKit/537.36 (KHTML, like Gecko)
2026-04-20T12:12:32.222Z | POST /aegis/what-if | IP: ::1 | UA: Mozilla/5.0 (Windows NT 10.0; Win64; x64) AppleWebKit/537.36 (KHTML, like Gecko)
2026-04-20T12:12:37.649Z | POST /aegis/what-if | IP: ::1 | UA: Mozilla/5.0 (Windows NT 10.0; Win64; x64) AppleWebKit/537.36 (KHTML, like Gecko)
2026-04-20T12:12:38.053Z | POST /aegis/what-if | IP: ::1 | UA: Mozilla/5.0 (Windows NT 10.0; Win64; x64) AppleWebKit/537.36 (KHTML, like Gecko)
2026-04-20T12:12:38.536Z | POST /aegis/what-if | IP: ::1 | UA: Mozilla/5.0 (Windows NT 10.0; Win64; x64) AppleWebKit/537.36 (KHTML, like Gecko)
2026-04-20T12:12:39.186Z | POST /aegis/what-if | IP: ::1 | UA: Mozilla/5.0 (Windows NT 10.0; Win64; x64) AppleWebKit/537.36 (KHTML, like Gecko)
2026-04-20T12:12:39.703Z | POST /aegis/what-if | IP: ::1 | UA: Mozilla/5.0 (Windows NT 10.0; Win64; x64) AppleWebKit/537.36 (KHTML, like Gecko)
2026-04-20T12:12:40.602Z | POST /aegis/what-if | IP: ::1 | UA: Mozilla/5.0 (Windows NT 10.0; Win64; x64) AppleWebKit/537.36 (KHTML, like Gecko)
2026-04-20T12:12:41.260Z | POST /aegis/what-if | IP: ::1 | UA: Mozilla/5.0 (Windows NT 10.0; Win64; x64) AppleWebKit/537.36 (KHTML, like Gecko)
2026-04-20T12:12:41.999Z | POST /aegis/what-if | IP: ::1 | UA: Mozilla/5.0 (Windows NT 10.0; Win64; x64) AppleWebKit/537.36 (KHTML, like Gecko)
2026-04-20T12:12:43.179Z | POST /aegis/what-if | IP: ::1 | UA: Mozilla/5.0 (Windows NT 10.0; Win64; x64) AppleWebKit/537.36 (KHTML, like Gecko)
2026-04-20T12:12:46.045Z | POST /aegis/what-if | IP: ::1 | UA: Mozilla/5.0 (Windows NT 10.0; Win64; x64) AppleWebKit/537.36 (KHTML, like Gecko)
2026-04-20T12:12:46.657Z | POST /aegis/what-if | IP: ::1 | UA: Mozilla/5.0 (Windows NT 10.0; Win64; x64) AppleWebKit/537.36 (KHTML, like Gecko)
2026-04-20T12:12:47.169Z | POST /aegis/what-if | IP: ::1 | UA: Mozilla/5.0 (Windows NT 10.0; Win64; x64) AppleWebKit/537.36 (KHTML, like Gecko)
2026-04-20T12:12:48.984Z | POST /aegis/what-if | IP: ::1 | UA: Mozilla/5.0 (Windows NT 10.0; Win64; x64) AppleWebKit/537.36 (KHTML, like Gecko)
2026-04-20T12:18:23.473Z | POST /aegis/what-if | IP: ::1 | UA: Mozilla/5.0 (Windows NT 10.0; Win64; x64) AppleWebKit/537.36 (KHTML, like Gecko)
2026-04-20T12:18:23.986Z | POST /aegis/what-if | IP: ::1 | UA: Mozilla/5.0 (Windows NT 10.0; Win64; x64) AppleWebKit/537.36 (KHTML, like Gecko)
2026-04-20T12:18:25.187Z | POST /aegis/what-if | IP: ::1 | UA: Mozilla/5.0 (Windows NT 10.0; Win64; x64) AppleWebKit/537.36 (KHTML, like Gecko)
2026-04-20T12:18:25.727Z | POST /aegis/what-if | IP: ::1 | UA: Mozilla/5.0 (Windows NT 10.0; Win64; x64) AppleWebKit/537.36 (KHTML, like Gecko)
2026-04-20T12:18:26.177Z | POST /aegis/what-if | IP: ::1 | UA: Mozilla/5.0 (Windows NT 10.0; Win64; x64) AppleWebKit/537.36 (KHTML, like Gecko)
2026-04-20T12:18:26.804Z | POST /aegis/what-if | IP: ::1 | UA: Mozilla/5.0 (Windows NT 10.0; Win64; x64) AppleWebKit/537.36 (KHTML, like Gecko)
2026-04-20T12:18:27.425Z | POST /aegis/what-if | IP: ::1 | UA: Mozilla/5.0 (Windows NT 10.0; Win64; x64) AppleWebKit/537.36 (KHTML, like Gecko)
2026-04-20T12:18:28.031Z | POST /aegis/what-if | IP: ::1 | UA: Mozilla/5.0 (Windows NT 10.0; Win64; x64) AppleWebKit/537.36 (KHTML, like Gecko)
2026-04-20T12:18:29.203Z | POST /aegis/what-if | IP: ::1 | UA: Mozilla/5.0 (Windows NT 10.0; Win64; x64) AppleWebKit/537.36 (KHTML, like Gecko)
2026-04-20T12:25:41.168Z | POST /aegis/stream | IP: ::1 | UA: Mozilla/5.0 (Windows NT 10.0; Win64; x64) AppleWebKit/537.36 (KHTML, like Gecko)
2026-04-20T12:26:31.010Z | POST /aegis/runs | IP: ::1 | UA: Mozilla/5.0 (Windows NT 10.0; Win64; x64) AppleWebKit/537.36 (KHTML, like Gecko)
2026-04-20T12:26:31.050Z | POST /aegis/runs | IP: ::1 | UA: Mozilla/5.0 (Windows NT 10.0; Win64; x64) AppleWebKit/537.36 (KHTML, like Gecko)
2026-04-20T12:26:31.104Z | POST /aegis/what-if | IP: ::1 | UA: Mozilla/5.0 (Windows NT 10.0; Win64; x64) AppleWebKit/537.36 (KHTML, like Gecko)
2026-04-20T12:26:38.083Z | POST /aegis/what-if | IP: ::1 | UA: Mozilla/5.0 (Windows NT 10.0; Win64; x64) AppleWebKit/537.36 (KHTML, like Gecko)
2026-04-20T12:26:38.847Z | POST /aegis/what-if | IP: ::1 | UA: Mozilla/5.0 (Windows NT 10.0; Win64; x64) AppleWebKit/537.36 (KHTML, like Gecko)
2026-04-20T12:26:40.015Z | POST /aegis/what-if | IP: ::1 | UA: Mozilla/5.0 (Windows NT 10.0; Win64; x64) AppleWebKit/537.36 (KHTML, like Gecko)
2026-04-20T12:26:40.693Z | POST /aegis/what-if | IP: ::1 | UA: Mozilla/5.0 (Windows NT 10.0; Win64; x64) AppleWebKit/537.36 (KHTML, like Gecko)
2026-04-20T12:26:41.335Z | POST /aegis/what-if | IP: ::1 | UA: Mozilla/5.0 (Windows NT 10.0; Win64; x64) AppleWebKit/537.36 (KHTML, like Gecko)
2026-04-20T12:26:41.912Z | POST /aegis/what-if | IP: ::1 | UA: Mozilla/5.0 (Windows NT 10.0; Win64; x64) AppleWebKit/537.36 (KHTML, like Gecko)
2026-04-20T12:26:42.558Z | POST /aegis/what-if | IP: ::1 | UA: Mozilla/5.0 (Windows NT 10.0; Win64; x64) AppleWebKit/537.36 (KHTML, like Gecko)
2026-04-20T12:26:43.133Z | POST /aegis/what-if | IP: ::1 | UA: Mozilla/5.0 (Windows NT 10.0; Win64; x64) AppleWebKit/537.36 (KHTML, like Gecko)
2026-04-20T12:26:44.036Z | POST /aegis/what-if | IP: ::1 | UA: Mozilla/5.0 (Windows NT 10.0; Win64; x64) AppleWebKit/537.36 (KHTML, like Gecko)
2026-04-20T12:26:44.962Z | POST /aegis/what-if | IP: ::1 | UA: Mozilla/5.0 (Windows NT 10.0; Win64; x64) AppleWebKit/537.36 (KHTML, like Gecko)
2026-04-20T12:26:46.394Z | POST /aegis/what-if | IP: ::1 | UA: Mozilla/5.0 (Windows NT 10.0; Win64; x64) AppleWebKit/537.36 (KHTML, like Gecko)
2026-04-20T12:26:47.501Z | POST /aegis/what-if | IP: ::1 | UA: Mozilla/5.0 (Windows NT 10.0; Win64; x64) AppleWebKit/537.36 (KHTML, like Gecko)
2026-04-20T12:26:48.580Z | POST /aegis/what-if | IP: ::1 | UA: Mozilla/5.0 (Windows NT 10.0; Win64; x64) AppleWebKit/537.36 (KHTML, like Gecko)
2026-04-20T12:26:49.072Z | POST /aegis/what-if | IP: ::1 | UA: Mozilla/5.0 (Windows NT 10.0; Win64; x64) AppleWebKit/537.36 (KHTML, like Gecko)
2026-04-20T12:26:50.428Z | POST /aegis/what-if | IP: ::1 | UA: Mozilla/5.0 (Windows NT 10.0; Win64; x64) AppleWebKit/537.36 (KHTML, like Gecko)
2026-04-20T12:26:50.881Z | POST /aegis/what-if | IP: ::1 | UA: Mozilla/5.0 (Windows NT 10.0; Win64; x64) AppleWebKit/537.36 (KHTML, like Gecko)
2026-04-20T12:26:52.797Z | POST /aegis/what-if | IP: ::1 | UA: Mozilla/5.0 (Windows NT 10.0; Win64; x64) AppleWebKit/537.36 (KHTML, like Gecko)
2026-04-20T12:26:54.085Z | POST /aegis/what-if | IP: ::1 | UA: Mozilla/5.0 (Windows NT 10.0; Win64; x64) AppleWebKit/537.36 (KHTML, like Gecko)
2026-04-20T12:26:57.563Z | POST /aegis/what-if | IP: ::1 | UA: Mozilla/5.0 (Windows NT 10.0; Win64; x64) AppleWebKit/537.36 (KHTML, like Gecko)
2026-04-20T12:27:31.820Z | POST /aegis/what-if | IP: ::1 | UA: Mozilla/5.0 (Windows NT 10.0; Win64; x64) AppleWebKit/537.36 (KHTML, like Gecko)
2026-04-20T12:27:33.313Z | POST /aegis/what-if | IP: ::1 | UA: Mozilla/5.0 (Windows NT 10.0; Win64; x64) AppleWebKit/537.36 (KHTML, like Gecko)
2026-04-20T12:27:34.524Z | POST /aegis/what-if | IP: ::1 | UA: Mozilla/5.0 (Windows NT 10.0; Win64; x64) AppleWebKit/537.36 (KHTML, like Gecko)
2026-04-20T12:27:36.281Z | POST /aegis/what-if | IP: ::1 | UA: Mozilla/5.0 (Windows NT 10.0; Win64; x64) AppleWebKit/537.36 (KHTML, like Gecko)
2026-04-20T12:27:37.253Z | POST /aegis/what-if | IP: ::1 | UA: Mozilla/5.0 (Windows NT 10.0; Win64; x64) AppleWebKit/537.36 (KHTML, like Gecko)
2026-04-20T12:27:38.036Z | POST /aegis/what-if | IP: ::1 | UA: Mozilla/5.0 (Windows NT 10.0; Win64; x64) AppleWebKit/537.36 (KHTML, like Gecko)
2026-04-20T12:27:38.911Z | POST /aegis/what-if | IP: ::1 | UA: Mozilla/5.0 (Windows NT 10.0; Win64; x64) AppleWebKit/537.36 (KHTML, like Gecko)
2026-04-20T12:27:39.666Z | POST /aegis/what-if | IP: ::1 | UA: Mozilla/5.0 (Windows NT 10.0; Win64; x64) AppleWebKit/537.36 (KHTML, like Gecko)
2026-04-20T12:27:40.366Z | POST /aegis/what-if | IP: ::1 | UA: Mozilla/5.0 (Windows NT 10.0; Win64; x64) AppleWebKit/537.36 (KHTML, like Gecko)
2026-04-20T12:27:41.033Z | POST /aegis/what-if | IP: ::1 | UA: Mozilla/5.0 (Windows NT 10.0; Win64; x64) AppleWebKit/537.36 (KHTML, like Gecko)
2026-04-20T12:27:41.657Z | POST /aegis/what-if | IP: ::1 | UA: Mozilla/5.0 (Windows NT 10.0; Win64; x64) AppleWebKit/537.36 (KHTML, like Gecko)
2026-04-20T12:27:42.742Z | POST /aegis/what-if | IP: ::1 | UA: Mozilla/5.0 (Windows NT 10.0; Win64; x64) AppleWebKit/537.36 (KHTML, like Gecko)
2026-04-20T12:27:43.686Z | POST /aegis/what-if | IP: ::1 | UA: Mozilla/5.0 (Windows NT 10.0; Win64; x64) AppleWebKit/537.36 (KHTML, like Gecko)
2026-04-20T12:27:44.173Z | POST /aegis/what-if | IP: ::1 | UA: Mozilla/5.0 (Windows NT 10.0; Win64; x64) AppleWebKit/537.36 (KHTML, like Gecko)
2026-04-20T12:27:44.923Z | POST /aegis/what-if | IP: ::1 | UA: Mozilla/5.0 (Windows NT 10.0; Win64; x64) AppleWebKit/537.36 (KHTML, like Gecko)
2026-04-20T12:27:45.591Z | POST /aegis/what-if | IP: ::1 | UA: Mozilla/5.0 (Windows NT 10.0; Win64; x64) AppleWebKit/537.36 (KHTML, like Gecko)
2026-04-20T12:27:46.417Z | POST /aegis/what-if | IP: ::1 | UA: Mozilla/5.0 (Windows NT 10.0; Win64; x64) AppleWebKit/537.36 (KHTML, like Gecko)
2026-04-20T12:27:47.113Z | POST /aegis/what-if | IP: ::1 | UA: Mozilla/5.0 (Windows NT 10.0; Win64; x64) AppleWebKit/537.36 (KHTML, like Gecko)
2026-04-20T12:27:47.788Z | POST /aegis/what-if | IP: ::1 | UA: Mozilla/5.0 (Windows NT 10.0; Win64; x64) AppleWebKit/537.36 (KHTML, like Gecko)
2026-04-20T12:27:48.501Z | POST /aegis/what-if | IP: ::1 | UA: Mozilla/5.0 (Windows NT 10.0; Win64; x64) AppleWebKit/537.36 (KHTML, like Gecko)
2026-04-20T12:39:21.104Z | POST /aegis/stream | IP: ::1 | UA: Mozilla/5.0 (Windows NT 10.0; Win64; x64) AppleWebKit/537.36 (KHTML, like Gecko)
2026-04-20T12:40:01.146Z | POST /aegis/stream | IP: ::1 | UA: Mozilla/5.0 (Windows NT 10.0; Win64; x64) AppleWebKit/537.36 (KHTML, like Gecko)
2026-04-20T12:41:21.220Z | POST /aegis/runs | IP: ::1 | UA: Mozilla/5.0 (Windows NT 10.0; Win64; x64) AppleWebKit/537.36 (KHTML, like Gecko)
2026-04-20T12:41:21.231Z | POST /aegis/runs | IP: ::1 | UA: Mozilla/5.0 (Windows NT 10.0; Win64; x64) AppleWebKit/537.36 (KHTML, like Gecko)
2026-04-20T12:41:21.382Z | POST /aegis/what-if | IP: ::1 | UA: Mozilla/5.0 (Windows NT 10.0; Win64; x64) AppleWebKit/537.36 (KHTML, like Gecko)
2026-04-20T12:42:06.470Z | POST /aegis/what-if | IP: ::1 | UA: Mozilla/5.0 (Windows NT 10.0; Win64; x64) AppleWebKit/537.36 (KHTML, like Gecko)
2026-04-20T12:42:08.220Z | POST /aegis/what-if | IP: ::1 | UA: Mozilla/5.0 (Windows NT 10.0; Win64; x64) AppleWebKit/537.36 (KHTML, like Gecko)
2026-04-20T12:42:14.727Z | POST /aegis/what-if | IP: ::1 | UA: Mozilla/5.0 (Windows NT 10.0; Win64; x64) AppleWebKit/537.36 (KHTML, like Gecko)
2026-04-20T12:42:15.980Z | POST /aegis/what-if | IP: ::1 | UA: Mozilla/5.0 (Windows NT 10.0; Win64; x64) AppleWebKit/537.36 (KHTML, like Gecko)
2026-04-20T13:47:57.912Z | POST /aegis/stream | IP: ::1 | UA: Mozilla/5.0 (Windows NT 10.0; Win64; x64) AppleWebKit/537.36 (KHTML, like Gecko)
2026-04-20T13:48:45.422Z | POST /aegis/runs | IP: ::1 | UA: Mozilla/5.0 (Windows NT 10.0; Win64; x64) AppleWebKit/537.36 (KHTML, like Gecko)
2026-04-20T13:48:45.429Z | POST /aegis/runs | IP: ::1 | UA: Mozilla/5.0 (Windows NT 10.0; Win64; x64) AppleWebKit/537.36 (KHTML, like Gecko)
2026-04-20T13:48:46.209Z | POST /aegis/what-if | IP: ::1 | UA: Mozilla/5.0 (Windows NT 10.0; Win64; x64) AppleWebKit/537.36 (KHTML, like Gecko)
2026-04-20T13:51:03.937Z | POST /aegis/stream | IP: ::1 | UA: Mozilla/5.0 (Windows NT 10.0; Win64; x64) AppleWebKit/537.36 (KHTML, like Gecko)
2026-04-20T13:52:13.245Z | POST /aegis/runs | IP: ::1 | UA: Mozilla/5.0 (Windows NT 10.0; Win64; x64) AppleWebKit/537.36 (KHTML, like Gecko)
2026-04-20T13:52:13.275Z | POST /aegis/runs | IP: ::1 | UA: Mozilla/5.0 (Windows NT 10.0; Win64; x64) AppleWebKit/537.36 (KHTML, like Gecko)
2026-04-20T13:52:13.417Z | POST /aegis/what-if | IP: ::1 | UA: Mozilla/5.0 (Windows NT 10.0; Win64; x64) AppleWebKit/537.36 (KHTML, like Gecko)
2026-04-21T08:21:15.582Z | POST /aegis/stream | IP: ::1 | UA: Mozilla/5.0 (Windows NT 10.0; Win64; x64) AppleWebKit/537.36 (KHTML, like Gecko)
2026-04-21T08:22:21.732Z | POST /aegis/runs | IP: ::1 | UA: Mozilla/5.0 (Windows NT 10.0; Win64; x64) AppleWebKit/537.36 (KHTML, like Gecko)
2026-04-21T08:22:21.740Z | POST /aegis/runs | IP: ::1 | UA: Mozilla/5.0 (Windows NT 10.0; Win64; x64) AppleWebKit/537.36 (KHTML, like Gecko)
2026-04-21T08:22:21.902Z | POST /aegis/what-if | IP: ::1 | UA: Mozilla/5.0 (Windows NT 10.0; Win64; x64) AppleWebKit/537.36 (KHTML, like Gecko)
2026-04-21T08:22:29.846Z | POST /aegis/fhir | IP: ::1 | UA: Mozilla/5.0 (Windows NT 10.0; Win64; x64) AppleWebKit/537.36 (KHTML, like Gecko)
2026-04-21T08:22:49.923Z | POST /aegis/what-if | IP: ::1 | UA: Mozilla/5.0 (Windows NT 10.0; Win64; x64) AppleWebKit/537.36 (KHTML, like Gecko)
2026-04-21T08:22:51.448Z | POST /aegis/what-if | IP: ::1 | UA: Mozilla/5.0 (Windows NT 10.0; Win64; x64) AppleWebKit/537.36 (KHTML, like Gecko)
2026-04-21T08:22:56.507Z | POST /aegis/what-if | IP: ::1 | UA: Mozilla/5.0 (Windows NT 10.0; Win64; x64) AppleWebKit/537.36 (KHTML, like Gecko)
2026-04-21T08:22:58.103Z | POST /aegis/what-if | IP: ::1 | UA: Mozilla/5.0 (Windows NT 10.0; Win64; x64) AppleWebKit/537.36 (KHTML, like Gecko)
2026-04-21T08:24:30.087Z | POST /aegis/stream | IP: ::1 | UA: Mozilla/5.0 (Windows NT 10.0; Win64; x64) AppleWebKit/537.36 (KHTML, like Gecko)
2026-04-21T08:25:39.133Z | POST /aegis/runs | IP: ::1 | UA: Mozilla/5.0 (Windows NT 10.0; Win64; x64) AppleWebKit/537.36 (KHTML, like Gecko)
2026-04-21T08:25:39.142Z | POST /aegis/runs | IP: ::1 | UA: Mozilla/5.0 (Windows NT 10.0; Win64; x64) AppleWebKit/537.36 (KHTML, like Gecko)
2026-04-21T08:25:39.297Z | POST /aegis/what-if | IP: ::1 | UA: Mozilla/5.0 (Windows NT 10.0; Win64; x64) AppleWebKit/537.36 (KHTML, like Gecko)
2026-04-21T08:26:29.720Z | POST /aegis/what-if | IP: ::1 | UA: Mozilla/5.0 (Windows NT 10.0; Win64; x64) AppleWebKit/537.36 (KHTML, like Gecko)
2026-04-21T08:26:32.371Z | POST /aegis/what-if | IP: ::1 | UA: Mozilla/5.0 (Windows NT 10.0; Win64; x64) AppleWebKit/537.36 (KHTML, like Gecko)
